src-tauri/gen/android/app/build/outputs/mapping/universalRelease/seeds.txt
com.bnucrow3.app.RustWebChromeClient$showImageCapturePicker$1
com.bnucrow3.app.BuildConfig
com.bnucrow3.app.PermissionHelper
com.bnucrow3.app.TauriActivity
com.bnucrow3.app.RustWebChromeClient$onPermissionRequest$1
com.bnucrow3.app.RustWebChromeClient
com.bnucrow3.app.RustWebChromeClient$PermissionListener
com.bnucrow3.app.R$string
com.bnucrow3.app.R$xml
com.bnucrow3.app.RustWebView
com.bnucrow3.app.R$style
com.bnucrow3.app.RustWebViewClient
com.bnucrow3.app.Logger
com.bnucrow3.app.Ipc
com.bnucrow3.app.RustWebChromeClient$onGeolocationPermissionsShowPrompt$1
com.bnucrow3.app.Ipc$Companion
com.bnucrow3.app.RustWebChromeClient$showFilePicker$1
com.bnucrow3.app.R$layout
com.bnucrow3.app.R$color
com.bnucrow3.app.R$drawable
com.bnucrow3.app.MainActivity
com.bnucrow3.app.RustWebChromeClient$ActivityResultListener
com.bnucrow3.app.RustWebViewClient$Companion
com.bnucrow3.app.R$mipmap
com.bnucrow3.app.WryActivity
com.bnucrow3.app.R
com.bnucrow3.app.RustWebChromeClient$showVideoCapturePicker$1
com.bnucrow3.app.WryActivity$Companion
com.bnucrow3.app.Logger$Companion
com.bnucrow3.app.RustWebChromeClient$onShowFileChooser$1
com.bnucrow3.app.RustWebViewClient: RustWebViewClient(android.content.Context)
com.bnucrow3.app.RustWebView: void evalScript(int,java.lang.String)
com.bnucrow3.app.RustWebView: void loadUrlMainThread(java.lang.String,java.util.Map)
com.bnucrow3.app.RustWebView: void loadUrlMainThread(java.lang.String)
com.bnucrow3.app.RustWebViewClient: java.lang.String assetLoaderDomain()
com.bnucrow3.app.RustWebView: java.lang.String[] getInitScripts()
com.bnucrow3.app.WryActivity: void create(com.bnucrow3.app.WryActivity)
com.bnucrow3.app.RustWebViewClient: void onPageLoaded(java.lang.String)
com.bnucrow3.app.WryActivity: void save()
com.bnucrow3.app.WryActivity: void setWebView(com.bnucrow3.app.RustWebView)
com.bnucrow3.app.RustWebView: void setUserAgent(java.lang.String)
com.bnucrow3.app.RustWebView: void loadHTMLMainThread(java.lang.String)
com.bnucrow3.app.TauriActivity: app.tauri.plugin.PluginManager getPluginManager()
com.bnucrow3.app.WryActivity: WryActivity()
com.bnucrow3.app.RustWebView: boolean shouldOverride(java.lang.String)
com.bnucrow3.app.WryActivity: void resume()
com.bnucrow3.app.WryActivity: java.lang.Class getAppClass(java.lang.String)
com.bnucrow3.app.RustWebViewClient: void onPageLoading(java.lang.String)
com.bnucrow3.app.MainActivity: MainActivity()
com.bnucrow3.app.RustWebChromeClient: RustWebChromeClient(com.bnucrow3.app.WryActivity)
com.bnucrow3.app.RustWebView: void setAutoPlay(boolean)
com.bnucrow3.app.Ipc: void postMessage(java.lang.String)
com.bnucrow3.app.RustWebViewClient: boolean withAssetLoader()
com.bnucrow3.app.WryActivity: void start()
com.bnucrow3.app.RustWebView: void onEval(int,java.lang.String)
com.bnucrow3.app.WryActivity: java.lang.String getVersion()
com.bnucrow3.app.RustWebViewClient: android.webkit.WebResourceResponse handleRequest(android.webkit.WebResourceRequest,boolean)
com.bnucrow3.app.WryActivity: void stop()
com.bnucrow3.app.WryActivity: void memory()
com.bnucrow3.app.RustWebViewClient: boolean shouldOverride(java.lang.String)
com.bnucrow3.app.WryActivity: void destroy()
com.bnucrow3.app.WryActivity: void pause()
com.bnucrow3.app.RustWebChromeClient: void handleReceivedTitle(android.webkit.WebView,java.lang.String)
com.bnucrow3.app.Ipc: Ipc(com.bnucrow3.app.RustWebViewClient)
com.bnucrow3.app.RustWebView: RustWebView(android.content.Context,java.lang.String[])
com.bnucrow3.app.Ipc: void ipc(java.lang.String,java.lang.String)
com.bnucrow3.app.WryActivity: void focus(boolean)
...
androidx.core.view.ViewCompat$Api16Impl: void postInvalidateOnAnimation(android.view.View,int,int,int,int)
com.fasterxml.jackson.databind.deser.std.PrimitiveArrayDeserializers$ByteDeser: byte[] handleSingleElementUnwrapped(com.fasterxml.jackson.core.JsonParser,com.fasterxml.jackson.databind.DeserializationContext)
com.fasterxml.jackson.databind.deser.std.DateDeserializers$SqlDateDeserializer: java.sql.Date deserialize(com.fasterxml.jackson.core.JsonParser,com.fasterxml.jackson.databind.DeserializationContext)
com.fasterxml.jackson.databind.deser.std.ObjectArrayDeserializer: ObjectArrayDeserializer(com.fasterxml.jackson.databind.JavaType,com.fasterxml.jackson.databind.JsonDeserializer,com.fasterxml.jackson.databind.jsontype.TypeDeserializer)
com.fasterxml.jackson.databind.deser.std.CollectionDeserializer: java.util.Collection _deserializeWithObjectId(com.fasterxml.jackson.core.JsonParser,com.fasterxml.jackson.databind.DeserializationContext,java.util.Collection)
com.google.android.material.textfield.TextInputLayout: void setHint(java.lang.CharSequence)
com.google.android.material.snackbar.BaseTransientBottomBar$SnackbarBaseLayout: void setAnimationMode(int)
com.fasterxml.jackson.databind.deser.std.BaseNodeDeserializer: com.fasterxml.jackson.databind.JsonDeserializer _createWithMerge(boolean,boolean)
com.fasterxml.jackson.databind.JsonDeserializer: com.fasterxml.jackson.databind.JsonDeserializer unwrappingDeserializer(com.fasterxml.jackson.databind.util.NameTransformer)
com.fasterxml.jackson.databind.deser.std.FromStringDeserializer$StringBuilderDeserializer: FromStringDeserializer$StringBuilderDeserializer()
androidx.appcompat.app.AppCompatActivity: void setContentView(android.view.View)
com.google.android.material.button.MaterialButton: void setIconTintResource(int)
com.fasterxml.jackson.databind.deser.std.NumberDeserializers$BigDecimalDeserializer: java.math.BigDecimal deserialize(com.fasterxml.jackson.core.JsonParser,com.fasterxml.jackson.databind.DeserializationContext)
androidx.core.view.WindowInsetsCompat$Impl: androidx.core.view.WindowInsetsCompat consumeStableInsets()
com.fasterxml.jackson.databind.deser.std.PrimitiveArrayDeserializers$FloatDeser: com.fasterxml.jackson.databind.deser.std.PrimitiveArrayDeserializers withResolved(com.fasterxml.jackson.databind.deser.NullValueProvider,java.lang.Boolean)
androidx.core.view.WindowInsetsCompat$Impl28: WindowInsetsCompat$Impl28(androidx.core.view.WindowInsetsCompat,android.view.WindowInsets)
androidx.appcompat.widget.ListPopupWindow$Api24Impl: int getMaxAvailableHeight(android.widget.PopupWindow,android.view.View,int,boolean)
com.google.android.material.textfield.TextInputEditText: TextInputEditText(android.content.Context,android.util.AttributeSet)
androidx.core.view.ViewCompat$Api30Impl: void setStateDescription(android.view.View,java.lang.CharSequence)
com.fasterxml.jackson.databind.deser.AbstractDeserializer: com.fasterxml.jackson.databind.deser.AbstractDeserializer constructForNonPOJO(com.fasterxml.jackson.databind.BeanDescription)
com.google.android.material.button.MaterialButton: int getInsetTop()
androidx.core.widget.TextViewCompat$Api24Impl: android.icu.text.DecimalFormatSymbols getInstance(java.util.Locale)
com.fasterxml.jackson.databind.deser.std.UUIDDeserializer: java.util.UUID _badFormat(java.lang.String,com.fasterxml.jackson.databind.DeserializationContext)
com.google.android.material.textfield.MaterialAutoCompleteTextView: void setRawInputType(int)
androidx.core.graphics.drawable.IconCompat$Api30Impl: android.graphics.drawable.Icon createWithAdaptiveBitmapContentUri(android.net.Uri)
com.fasterxml.jackson.databind.deser.BeanDeserializerBase: boolean hasViews()
com.google.android.material.chip.Chip: void setLines(int)
com.fasterxml.jackson.databind.deser.BeanDeserializerBase: com.fasterxml.jackson.databind.deser.BeanDeserializerBase withByNameInclusion(java.util.Set,java.util.Set)