src-tauri/gen/android/app/build/outputs/mapping/universalRelease/usage.txt
com.bnucrow3.app.BuildConfig:
    public static final java.lang.String APPLICATION_ID
    public static final java.lang.String BUILD_TYPE
    public static final boolean DEBUG
    public static final java.lang.String FLAVOR
    public static final int VERSION_CODE
    public static final java.lang.String VERSION_NAME
    public void <init>()
com.bnucrow3.app.Ipc:
    public final com.bnucrow3.app.RustWebViewClient getWebViewClient()
com.bnucrow3.app.Logger$Companion:
    public final void error(java.lang.String,java.lang.Throwable)
    public final void info(java.lang.String)
    public final void verbose(java.lang.String)
    private final void verbose(java.lang.String,java.lang.String)
com.bnucrow3.app.Logger:
    private static final java.lang.String LOG_TAG_CORE
    public void <init>()
com.bnucrow3.app.PermissionHelper:
    public final java.lang.String[] getUndefinedPermissions(android.content.Context,java.lang.String[])
    public final boolean hasDefinedPermissions(android.content.Context,java.lang.String[])
com.bnucrow3.app.R$color:
    public static final int black
    public static final int purple_200
    public static final int purple_500
    public static final int purple_700
    public static final int teal_200
    public static final int teal_700
    public static final int white
    private void <init>()
com.bnucrow3.app.R$drawable:
    public static final int ic_launcher_background
    public static final int ic_launcher_foreground
    private void <init>()
com.bnucrow3.app.R$layout:
    public static final int activity_main
    private void <init>()
com.bnucrow3.app.R$mipmap:
    public static final int ic_launcher
    public static final int ic_launcher_foreground
    public static final int ic_launcher_round
    private void <init>()
com.bnucrow3.app.R$string:
    public static final int app_name
    public static final int main_activity_title
    private void <init>()
com.bnucrow3.app.R$style:
    public static final int Theme_bnu_crow3
    private void <init>()
com.bnucrow3.app.R$xml:
    public static final int file_paths
    private void <init>()
com.bnucrow3.app.R:
    private void <init>()
com.bnucrow3.app.RustWebView:
    public final void clearAllBrowsingData()
com.bnucrow3.app.RustWebViewClient:
    public final android.net.Uri getLastInterceptedUrl()
    public final void setCurrentUrl(java.lang.String)
    public final void setLastInterceptedUrl(android.net.Uri)
com.bnucrow3.app.TauriActivity:
    public final void setPluginManager(app.tauri.plugin.PluginManager)
com.bnucrow3.app.Ipc:
    public static final com.bnucrow3.app.Ipc$Companion Companion
com.bnucrow3.app.Logger$Companion:
    public static void debug(java.lang.String)
    public static void debug(java.lang.String,java.lang.String)
    public static void error()
    public static void error(java.lang.String,java.lang.String)
    public static void info()
    public static boolean shouldLog()
    public static void warn(java.lang.String)
    public static void warn(java.lang.String,java.lang.String)
com.bnucrow3.app.Logger:
    public static final com.bnucrow3.app.Logger$Companion Companion
    static void <clinit>()
com.bnucrow3.app.PermissionHelper:
    public static final com.bnucrow3.app.PermissionHelper INSTANCE
    static void <clinit>()
    public static java.lang.String[] getManifestPermissions()
    public static boolean hasDefinedPermission()
com.bnucrow3.app.RustWebChromeClient:
    public static java.io.File createImageFile()
    public static java.lang.String[] getValidTypes()
    public static boolean isMediaCaptureSupported()
    public static boolean isValidMsg()
    public static boolean showImageCapturePicker()
    public static boolean showVideoCapturePicker()
com.bnucrow3.app.RustWebView:
    public static boolean isDocumentStartScriptEnabled()
com.bnucrow3.app.RustWebViewClient:
    public static final com.bnucrow3.app.RustWebViewClient$Companion Companion
    public static java.lang.String getCurrentUrl()
...
com.fasterxml.jackson.databind.node.ObjectNode:
    private static final long serialVersionUID
    public void <init>(com.fasterxml.jackson.databind.node.JsonNodeFactory,java.util.Map)
    protected com.fasterxml.jackson.databind.JsonNode _at(com.fasterxml.jackson.core.JsonPointer)
    protected com.fasterxml.jackson.databind.node.ObjectNode _put(java.lang.String,com.fasterxml.jackson.databind.JsonNode)
    protected com.fasterxml.jackson.databind.node.ArrayNode _withArray(com.fasterxml.jackson.core.JsonPointer,com.fasterxml.jackson.core.JsonPointer,com.fasterxml.jackson.databind.JsonNode$OverwriteMode,boolean)
    protected com.fasterxml.jackson.databind.node.ArrayNode _withArrayAddTailProperty(com.fasterxml.jackson.core.JsonPointer,boolean)
    protected com.fasterxml.jackson.databind.node.ObjectNode _withObject(com.fasterxml.jackson.core.JsonPointer,com.fasterxml.jackson.core.JsonPointer,com.fasterxml.jackson.databind.JsonNode$OverwriteMode,boolean)
    protected com.fasterxml.jackson.databind.node.ObjectNode _withObjectAddTailProperty(com.fasterxml.jackson.core.JsonPointer,boolean)
    public com.fasterxml.jackson.core.JsonToken asToken()
    public synthetic bridge com.fasterxml.jackson.databind.JsonNode deepCopy()
    public com.fasterxml.jackson.databind.node.ObjectNode deepCopy()
    public boolean equals(java.util.Comparator,com.fasterxml.jackson.databind.JsonNode)
    public java.util.Iterator fieldNames()
com.fasterxml.jackson.databind.node.POJONode:
    private static final long serialVersionUID
    public boolean asBoolean(boolean)
    public double asDouble(double)
    public int asInt(int)
    public long asLong(long)
    public java.lang.String asText()
    public java.lang.String asText(java.lang.String)
    public byte[] binaryValue()
    public java.lang.Object getPojo()
com.fasterxml.jackson.databind.node.ShortNode
com.fasterxml.jackson.databind.node.TextNode:
    private static final long serialVersionUID
    protected static void appendQuoted(java.lang.StringBuilder,java.lang.String)
    public boolean asBoolean(boolean)
    public double asDouble(double)
    public int asInt(int)
    public long asLong(long)
    public java.lang.String asText()
    public java.lang.String asText(java.lang.String)
    public byte[] binaryValue()
    public byte[] getBinaryValue(com.fasterxml.jackson.core.Base64Variant)
    public java.lang.String textValue()
com.fasterxml.jackson.databind.node.TreeTraversingParser$1
com.fasterxml.jackson.databind.node.TreeTraversingParser
com.fasterxml.jackson.databind.node.ValueNode:
    private static final long serialVersionUID
    protected com.fasterxml.jackson.databind.JsonNode _at(com.fasterxml.jackson.core.JsonPointer)
    public com.fasterxml.jackson.databind.JsonNode deepCopy()
    public synthetic bridge com.fasterxml.jackson.databind.JsonNode findParent(java.lang.String)
    public final com.fasterxml.jackson.databind.node.ObjectNode findParent(java.lang.String)
    public final java.util.List findParents(java.lang.String,java.util.List)
    public final com.fasterxml.jackson.databind.JsonNode findValue(java.lang.String)
    public final java.util.List findValues(java.lang.String,java.util.List)
    public final java.util.List findValuesAsText(java.lang.String,java.util.List)
    public synthetic bridge com.fasterxml.jackson.core.TreeNode get(int)
    public synthetic bridge com.fasterxml.jackson.core.TreeNode get(java.lang.String)
    public final com.fasterxml.jackson.databind.JsonNode get(int)
    public final com.fasterxml.jackson.databind.JsonNode get(java.lang.String)
    public final boolean has(int)
    public final boolean has(java.lang.String)
    public final boolean hasNonNull(int)
    public final boolean hasNonNull(java.lang.String)
    public boolean isEmpty()
    public synthetic bridge com.fasterxml.jackson.core.TreeNode path(int)
    public synthetic bridge com.fasterxml.jackson.core.TreeNode path(java.lang.String)